<?xml version="1.0" encoding="UTF-8"?>
<testsuite name="com.rxjava.RxJavaTest" tests="1" skipped="0" failures="0" errors="0" timestamp="2021-02-05T14:09:58" hostname="PSLT5983" time="0.181">
  <properties/>
  <testcase name="showMethodJavaRxTest2()" classname="com.rxjava.RxJavaTest" time="0.181"/>
  <system-out><![CDATA[]]></system-out>
  <system-err><![CDATA[]]></system-err>
</testsuite>
