<?xml version="1.0" encoding="UTF-8"?>
<testsuite name="com.rxjava.RxJavaTest" tests="1" skipped="0" failures="0" errors="0" timestamp="2021-02-05T21:42:37" hostname="PSLT5983" time="0.066">
  <properties/>
  <testcase name="containsV2()" classname="com.rxjava.RxJavaTest" time="0.066"/>
  <system-out><![CDATA[Received true
]]></system-out>
  <system-err><![CDATA[]]></system-err>
</testsuite>
