<?xml version="1.0" encoding="UTF-8"?>
<testsuite name="com.rxjava.RxJavaTest" tests="1" skipped="0" failures="0" errors="0" timestamp="2021-02-05T16:56:59" hostname="PSLT5983" time="0.083">
  <properties/>
  <testcase name="takeWhileV2Test()" classname="com.rxjava.RxJavaTest" time="0.083"/>
  <system-out><![CDATA[Volkswagen Jetta - Renault Duster - Subaru XV - Toyota TXL - Toyota corolla - Toyota RAV4 - 
]]></system-out>
  <system-err><![CDATA[]]></system-err>
</testsuite>
